ISim log file
Running: C:\Users\Administrator\Documents\conway_cube\cube_tb_isim_beh.exe -intstyle ise -gui -tclbatch isim.cmd -wdb C:/Users/Administrator/Documents/conway_cube/cube_tb_isim_beh.wdb 
ISim O.87xd (signature 0xc3576ebc)
----------------------------------------------------------------------
INFO:Security:51 - The XILINXD_LICENSE_FILE environment variable is not set.
INFO:Security:52 - The LM_LICENSE_FILE environment variable is set to '1800@license.usc.edu;1713@ics-lic.usc.edu'.
WARNING:Security:43 - No license file was found in the standard Xilinx license directory.
WARNING:Security:44 - Since no license file was found,
       please run the Xilinx License Configuration Manager
       (xlcm or "Manage Xilinx Licenses")
       to assist in obtaining a license.
WARNING:Security:42 - Your license support version '2015.04' for ISIM expires in 15 days after which you will not qualify for Xilinx software updates or new releases.


----------------------------------------------------------------------
This is a Full version of ISim.
WARNING: File "C:/Users/Administrator/Documents/conway_cube/cube_tb.v" Line 25.  For instance cube_tb/UUT/, width 1 of formal port Cells is not equal to width 512 of actual variable cells_tb. 
Time resolution is 1 ps
# onerror resume
# wave add /
# run 1000 ns
Simulator is doing circuit initialization process.
Finished circuit initialization process.
